13/Mar/2021:16:58:54 413 [calci.java] [INFO] calculator.calci Result of factorial is: 6.0
13/Mar/2021:16:58:54 415 [calci.java] [INFO] calculator.calci Result of factorial is: 120.0
13/Mar/2021:16:58:54 416 [calci.java] [INFO] calculator.calci Calculating Square root  of number 9.0
13/Mar/2021:16:58:54 416 [calci.java] [INFO] calculator.calci Result of squareRoot is : 3.0
13/Mar/2021:16:58:54 416 [calci.java] [INFO] calculator.calci Calculating Square root  of number 16.0
13/Mar/2021:16:58:54 417 [calci.java] [INFO] calculator.calci Result of squareRoot is : 4.0
13/Mar/2021:16:58:54 417 [calci.java] [INFO] calculator.calci Calculating Square root  of number -10.0
13/Mar/2021:16:58:54 417 [calci.java] [ERROR] calculator.calci Number cannot be negative Case of NaN squareRoot of < 0
13/Mar/2021:16:58:54 417 [calci.java] [INFO] calculator.calci Result of squareRoot is : NaN
13/Mar/2021:16:58:54 417 [calci.java] [INFO] calculator.calci Calculating Natural log of 17.0
13/Mar/2021:16:58:54 418 [calci.java] [INFO] calculator.calci Result of naturalLog is : 2.833213344056216
13/Mar/2021:16:58:54 418 [calci.java] [INFO] calculator.calci Calculating Natural log of 6.0
13/Mar/2021:16:58:54 418 [calci.java] [INFO] calculator.calci Result of naturalLog is : 1.791759469228055
13/Mar/2021:16:58:54 418 [calci.java] [INFO] calculator.calci Calculating Natural log of 0.0
13/Mar/2021:16:58:54 418 [calci.java] [ERROR] calculator.calci Number cannot be negative Case of NaN log of <= 0
13/Mar/2021:16:58:54 418 [calci.java] [INFO] calculator.calci Result of naturalLog is : NaN
13/Mar/2021:16:58:54 419 [calci.java] [INFO] calculator.calci Calculating Square root  of number 10.0
13/Mar/2021:16:58:54 419 [calci.java] [INFO] calculator.calci Result of squareRoot is : 3.1622776601683795
13/Mar/2021:16:58:54 419 [calci.java] [INFO] calculator.calci Calculating Square root  of number 16.0
13/Mar/2021:16:58:54 419 [calci.java] [INFO] calculator.calci Result of squareRoot is : 4.0
13/Mar/2021:16:58:54 419 [calci.java] [INFO] calculator.calci Calculating Square root  of number -16.0
13/Mar/2021:16:58:54 420 [calci.java] [ERROR] calculator.calci Number cannot be negative Case of NaN squareRoot of < 0
13/Mar/2021:16:58:54 420 [calci.java] [INFO] calculator.calci Result of squareRoot is : NaN
13/Mar/2021:16:58:54 420 [calci.java] [INFO] calculator.calci Calculating Natural log of 14.0
13/Mar/2021:16:58:54 420 [calci.java] [INFO] calculator.calci Result of naturalLog is : 2.6390573296152584
13/Mar/2021:16:58:54 421 [calci.java] [INFO] calculator.calci Calculating Natural log of 9.0
13/Mar/2021:16:58:54 421 [calci.java] [INFO] calculator.calci Result of naturalLog is : 2.1972245773362196
13/Mar/2021:16:58:54 421 [calci.java] [INFO] calculator.calci Calculating Natural log of 0.0
13/Mar/2021:16:58:54 421 [calci.java] [ERROR] calculator.calci Number cannot be negative Case of NaN log of <= 0
13/Mar/2021:16:58:54 421 [calci.java] [INFO] calculator.calci Result of naturalLog is : NaN
13/Mar/2021:16:58:54 422 [calci.java] [INFO] calculator.calci Result of factorial is: 6.0
13/Mar/2021:16:58:54 422 [calci.java] [INFO] calculator.calci Result of factorial is: 120.0
13/Mar/2021:16:58:54 423 [calci.java] [INFO] calculator.calci Calculating Power  of two numbers 2.0 and 3.0
13/Mar/2021:16:58:54 423 [calci.java] [INFO] calculator.calci Result of power is : 8.0
13/Mar/2021:16:58:54 423 [calci.java] [INFO] calculator.calci Calculating Power  of two numbers 3.0 and 3.0
13/Mar/2021:16:58:54 423 [calci.java] [INFO] calculator.calci Result of power is : 27.0
13/Mar/2021:16:58:54 423 [calci.java] [INFO] calculator.calci Calculating Power  of two numbers 2.0 and 2.0
13/Mar/2021:16:58:54 423 [calci.java] [INFO] calculator.calci Result of power is : 4.0
13/Mar/2021:16:58:54 424 [calci.java] [INFO] calculator.calci Calculating Power  of two numbers 3.0 and 3.0
13/Mar/2021:16:58:54 424 [calci.java] [INFO] calculator.calci Result of power is : 27.0
